<?xml version="1.0" encoding="UTF-8"?>
<robot generator="Robot 3.1.2 (Python 3.7.4 on win32)" generated="20200421 20:37:26.998" rpa="false">
<suite id="s1" name="Telia" source="C:\LearningAutomation\Test\Telia.txt">
<test id="s1-t1" name="ApiTest">
<kw name="Create Session" library="RequestsLibrary">
<doc>Create Session: create a HTTP session to a server</doc>
<arguments>
<arg>TestApi</arg>
<arg>https://reqres.in/api/users</arg>
<arg>verify=true</arg>
</arguments>
<msg timestamp="20200421 20:37:27.823" level="INFO">Creating Session using : alias=TestApi, url=https://reqres.in/api/users, headers={},                     cookies={}, auth=None, timeout=None, proxies=None, verify=True,                     debug=0 </msg>
<status status="PASS" starttime="20200421 20:37:27.823" endtime="20200421 20:37:27.824"></status>
</kw>
<kw name="Create Dictionary" library="BuiltIn">
<doc>Creates and returns a dictionary based on the given ``items``.</doc>
<arguments>
<arg>content-type=application/json</arg>
</arguments>
<assign>
<var>${headers}</var>
</assign>
<msg timestamp="20200421 20:37:27.825" level="INFO">${headers} = {'content-type': 'application/json'}</msg>
<status status="PASS" starttime="20200421 20:37:27.824" endtime="20200421 20:37:27.825"></status>
</kw>
<kw name="Post Request" library="RequestsLibrary">
<doc>Send a POST request on the session object found using the
given `alias`</doc>
<arguments>
<arg>TestApi</arg>
<arg>https://reqres.in/api/users</arg>
</arguments>
<assign>
<var>${response}</var>
</assign>
<msg timestamp="20200421 20:37:27.826" level="INFO">POST Request using : uri=https://reqres.in/api/users, params=None, files=None, allow_redirects=True, timeout=None
headers={'User-Agent': 'python-requests/2.22.0', 'Accept-Encoding': 'gzip, deflate', 'Accept': '*/*', 'Connection': 'keep-alive'} 
data=None 
json=None</msg>
<msg timestamp="20200421 20:37:28.775" level="INFO">${response} = &lt;Response [201]&gt;</msg>
<status status="PASS" starttime="20200421 20:37:27.825" endtime="20200421 20:37:28.775"></status>
</kw>
<kw name="Log" library="BuiltIn">
<doc>Logs the given message with the given level.</doc>
<arguments>
<arg>${response.content}</arg>
</arguments>
<msg timestamp="20200421 20:37:28.777" level="INFO">{"id":"380","createdAt":"2020-04-21T15:07:29.501Z"}</msg>
<status status="PASS" starttime="20200421 20:37:28.776" endtime="20200421 20:37:28.777"></status>
</kw>
<kw name="To Json" library="RequestsLibrary">
<doc>Convert a string to a JSON object</doc>
<arguments>
<arg>${response.content}</arg>
</arguments>
<assign>
<var>${JsonResponse}</var>
</assign>
<msg timestamp="20200421 20:37:28.779" level="INFO">To JSON using : content={"id":"380","createdAt":"2020-04-21T15:07:29.501Z"} </msg>
<msg timestamp="20200421 20:37:28.779" level="INFO">To JSON using : pretty_print=False </msg>
<msg timestamp="20200421 20:37:28.779" level="INFO">${JsonResponse} = {'id': '380', 'createdAt': '2020-04-21T15:07:29.501Z'}</msg>
<status status="PASS" starttime="20200421 20:37:28.778" endtime="20200421 20:37:28.780"></status>
</kw>
<kw name="Get Value From Json" library="JSONLibrary">
<doc>Get Value From JSON using JSONPath</doc>
<arguments>
<arg>${JsonResponse}</arg>
<arg>$.createdAt</arg>
</arguments>
<assign>
<var>${id}</var>
</assign>
<msg timestamp="20200421 20:37:28.881" level="INFO">${id} = ['2020-04-21T15:07:29.501Z']</msg>
<status status="PASS" starttime="20200421 20:37:28.780" endtime="20200421 20:37:28.881"></status>
</kw>
<kw name="Log" library="BuiltIn">
<doc>Logs the given message with the given level.</doc>
<arguments>
<arg>${id}</arg>
</arguments>
<msg timestamp="20200421 20:37:28.882" level="INFO">['2020-04-21T15:07:29.501Z']</msg>
<status status="PASS" starttime="20200421 20:37:28.882" endtime="20200421 20:37:28.882"></status>
</kw>
<status status="PASS" starttime="20200421 20:37:27.822" endtime="20200421 20:37:28.882" critical="yes"></status>
</test>
<status status="PASS" starttime="20200421 20:37:27.002" endtime="20200421 20:37:28.883"></status>
</suite>
<statistics>
<total>
<stat pass="1" fail="0">Critical Tests</stat>
<stat pass="1" fail="0">All Tests</stat>
</total>
<tag>
</tag>
<suite>
<stat pass="1" fail="0" id="s1" name="Telia">Telia</stat>
</suite>
</statistics>
<errors>
<msg timestamp="20200421 20:37:26.989" level="WARN">Automatically parsing other than '*.robot' files is deprecated. Convert 'C:\LearningAutomation\Test\Telia.txt' to '*.robot' format or use '--extension' to explicitly configure which files to parse.</msg>
</errors>
</robot>
